0 info it worked if it ends with ok
1 verbose cli [ '/Users/Nick/.nvm/versions/node/v5.6.0/bin/node',
1 verbose cli   '/Users/Nick/.nvm/versions/node/v5.6.0/bin/npm',
1 verbose cli   'start' ]
2 info using npm@3.6.0
3 info using node@v5.6.0
4 verbose stack Error: Failed to parse json
4 verbose stack Unexpected token 's' at 8:6
4 verbose stack     "start": "webpack-dev-server --progress --colors --hot --config ./webpack.c
4 verbose stack      ^
4 verbose stack     at parseError (/Users/Nick/.nvm/versions/node/v5.6.0/lib/node_modules/npm/node_modules/read-package-json/read-json.js:379:11)
4 verbose stack     at parseJson (/Users/Nick/.nvm/versions/node/v5.6.0/lib/node_modules/npm/node_modules/read-package-json/read-json.js:68:23)
4 verbose stack     at /Users/Nick/.nvm/versions/node/v5.6.0/lib/node_modules/npm/node_modules/read-package-json/read-json.js:48:5
4 verbose stack     at /Users/Nick/.nvm/versions/node/v5.6.0/lib/node_modules/npm/node_modules/graceful-fs/graceful-fs.js:76:16
4 verbose stack     at tryToString (fs.js:414:3)
4 verbose stack     at FSReqWrap.readFileAfterClose [as oncomplete] (fs.js:401:12)
5 verbose cwd /Users/Nick/dev/exploration/sc-react-redux/src
6 error Darwin 15.4.0
7 error argv "/Users/Nick/.nvm/versions/node/v5.6.0/bin/node" "/Users/Nick/.nvm/versions/node/v5.6.0/bin/npm" "start"
8 error node v5.6.0
9 error npm  v3.6.0
10 error file /Users/Nick/dev/exploration/sc-react-redux/package.json
11 error code EJSONPARSE
12 error Failed to parse json
12 error Unexpected token 's' at 8:6
12 error     "start": "webpack-dev-server --progress --colors --hot --config ./webpack.c
12 error      ^
13 error File: /Users/Nick/dev/exploration/sc-react-redux/package.json
14 error Failed to parse package.json data.
14 error package.json must be actual JSON, not just JavaScript.
14 error
14 error This is not a bug in npm.
14 error Tell the package author to fix their package.json file. JSON.parse
15 verbose exit [ 1, true ]
